<?xml version="1.0" encoding="UTF-8"?>
<!-- Generated by org.testng.reporters.JUnitXMLReporter -->
<testsuite ignored="2" hostname="ManojKumar" failures="1" tests="1" name="Default test(failed)" time="95.506" errors="0" timestamp="2025-04-15T10:54:52 IST">
  <testcase classname="Naukari.Naukariprofileupdate.Resumeprofileupdate" name="updatekeyskills" time="90.674">
    <failure type="java.lang.NullPointerException" message="Cannot invoke &amp;quot;org.openqa.selenium.WebDriver.getClass()&amp;quot; because &amp;quot;exceptionDriver&amp;quot; is null">
      <![CDATA[java.lang.NullPointerException: Cannot invoke "org.openqa.selenium.WebDriver.getClass()" because "exceptionDriver" is null
at org.openqa.selenium.support.ui.WebDriverWait.timeoutException(WebDriverWait.java:85)
at org.openqa.selenium.support.ui.FluentWait.until(FluentWait.java:228)
at Naukari.Naukariprofileupdate.Profileupdatepage.ClickKeyskills(Profileupdatepage.java:88)
at Naukari.Naukariprofileupdate.Resumeprofileupdate.updatekeyskills(Resumeprofileupdate.java:38)
at java.base/java.util.ArrayList.forEach(ArrayList.java:1511)
... Removed 27 stack frames]]>
    </failure>
  </testcase> <!-- updatekeyskills -->
  <testcase classname="Naukari.Naukariprofileupdate.Resumeprofileupdate" name="Resumeheadlineupdate" time="0.0">
    <ignored/>
  </testcase> <!-- Resumeheadlineupdate -->
  <testcase classname="Naukari.Naukariprofileupdate.Resumeprofileupdate" name="UpdateITSkills" time="0.0">
    <ignored/>
  </testcase> <!-- UpdateITSkills -->
</testsuite> <!-- Default test(failed) -->
