<?xml version="1.0" encoding="UTF-8"?>
<!-- Generated by org.testng.reporters.JUnitXMLReporter -->
<testsuite ignored="0" hostname="ManojKumar" failures="0" tests="3" name="Default test" time="9.975" errors="0" timestamp="2025-04-10T20:09:07 IST">
  <testcase classname="Naukari.Naukariprofileupdate.Resumeprofileupdate" name="Resumeheadlineupdate" time="3.865"/>
  <testcase classname="Naukari.Naukariprofileupdate.Resumeprofileupdate" name="updatekeyskills" time="0.987"/>
  <testcase classname="Naukari.Naukariprofileupdate.Resumeprofileupdate" name="UpdateITSkills" time="0.812"/>
</testsuite> <!-- Default test -->
