<?xml version="1.0" encoding="UTF-8"?>
<!-- Generated by org.testng.reporters.JUnitXMLReporter -->
<testsuite ignored="0" hostname="ManojKumar" failures="0" tests="3" name="Default test" time="19.158" errors="0" timestamp="2025-04-27T13:58:33 IST">
  <testcase classname="Naukari.Naukariprofileupdate.Resumeprofileupdate" name="Resumeheadlineupdate" time="5.801"/>
  <testcase classname="Naukari.Naukariprofileupdate.Resumeprofileupdate" name="updatekeyskills" time="3.256"/>
  <testcase classname="Naukari.Naukariprofileupdate.Resumeprofileupdate" name="UpdateITSkills" time="0.299"/>
</testsuite> <!-- Default test -->
