<?xml version="1.0" encoding="UTF-8"?>
<!-- Generated by org.testng.reporters.JUnitXMLReporter -->
<testsuite ignored="0" hostname="ManojKumar" failures="0" tests="4" name="Test" time="18.324" errors="0" timestamp="2025-04-10T20:13:15 IST">
  <testcase classname="Naukari.Naukariprofileupdate.login" name="login" time="1.704"/>
  <testcase classname="Naukari.Naukariprofileupdate.Resumeprofileupdate" name="Resumeheadlineupdate" time="4.093"/>
  <testcase classname="Naukari.Naukariprofileupdate.Resumeprofileupdate" name="updatekeyskills" time="1.202"/>
  <testcase classname="Naukari.Naukariprofileupdate.Resumeprofileupdate" name="UpdateITSkills" time="0.891"/>
</testsuite> <!-- Test -->
