<?xml version="1.0" encoding="UTF-8"?>
<testng-results ignored="0" total="2" passed="2" failed="0" skipped="0">
  <reporter-output>
    <line>
      <![CDATA[Browser launched]]>
    </line>
    <line>
      <![CDATA[Browser maximized]]>
    </line>
    <line>
      <![CDATA[URL opened]]>
    </line>
    <line>
      <![CDATA[Actual URL: https://www.naukri.com/mnjuser/homepage]]>
    </line>
    <line>
      <![CDATA[Login successful]]>
    </line>
    <line>
      <![CDATA[Browser launched]]>
    </line>
    <line>
      <![CDATA[Browser maximized]]>
    </line>
    <line>
      <![CDATA[URL opened]]>
    </line>
    <line>
      <![CDATA[Actual URL: https://www.naukri.com/mnjuser/homepage]]>
    </line>
    <line>
      <![CDATA[Login successful]]>
    </line>
    <line>
      <![CDATA[Clicked on profile]]>
    </line>
    <line>
      <![CDATA[Clicked on resume headline]]>
    </line>
    <line>
      <![CDATA[Clicked on edit resume headline]]>
    </line>
    <line>
      <![CDATA[Clicked on save resume headline]]>
    </line>
    <line>
      <![CDATA[Resume headline updated successfully]]>
    </line>
  </reporter-output>
  <suite started-at="2025-04-10T02:55:08 IST" name="Suite" finished-at="2025-04-10T02:55:26 IST" duration-ms="18409">
    <groups>
    </groups>
    <test started-at="2025-04-10T02:55:08 IST" name="Test" finished-at="2025-04-10T02:55:26 IST" duration-ms="18409">
      <class name="Naukari.Naukariprofileupdate.login">
        <test-method is-config="true" signature="launchBrowser()[pri:0, instance:Naukari.Naukariprofileupdate.login@7193666c]" started-at="2025-04-10T02:55:08 IST" name="launchBrowser" finished-at="2025-04-10T02:55:13 IST" duration-ms="5908" status="PASS">
          <reporter-output>
            <line>
              <![CDATA[Browser launched]]>
            </line>
            <line>
              <![CDATA[Browser maximized]]>
            </line>
            <line>
              <![CDATA[URL opened]]>
            </line>
          </reporter-output>
        </test-method> <!-- launchBrowser -->
        <test-method signature="login()[pri:1, instance:Naukari.Naukariprofileupdate.login@7193666c]" started-at="2025-04-10T02:55:13 IST" name="login" finished-at="2025-04-10T02:55:15 IST" duration-ms="1293" status="PASS">
          <reporter-output>
            <line>
              <![CDATA[Actual URL: https://www.naukri.com/mnjuser/homepage]]>
            </line>
            <line>
              <![CDATA[Login successful]]>
            </line>
          </reporter-output>
        </test-method> <!-- login -->
        <test-method is-config="true" signature="closeBrowser()[pri:0, instance:Naukari.Naukariprofileupdate.login@7193666c]" started-at="2025-04-10T02:55:15 IST" name="closeBrowser" finished-at="2025-04-10T02:55:15 IST" duration-ms="180" status="PASS">
          <reporter-output>
          </reporter-output>
        </test-method> <!-- closeBrowser -->
      </class> <!-- Naukari.Naukariprofileupdate.login -->
      <class name="Naukari.Naukariprofileupdate.Resumeprofileupdate">
        <test-method is-config="true" signature="launchBrowser()[pri:0, instance:Naukari.Naukariprofileupdate.Resumeprofileupdate@4567f35d]" started-at="2025-04-10T02:55:15 IST" name="launchBrowser" finished-at="2025-04-10T02:55:22 IST" duration-ms="6958" status="PASS">
          <reporter-output>
            <line>
              <![CDATA[Browser launched]]>
            </line>
            <line>
              <![CDATA[Browser maximized]]>
            </line>
            <line>
              <![CDATA[URL opened]]>
            </line>
          </reporter-output>
        </test-method> <!-- launchBrowser -->
        <test-method signature="updateresumeprofile()[pri:2, instance:Naukari.Naukariprofileupdate.Resumeprofileupdate@4567f35d]" started-at="2025-04-10T02:55:22 IST" name="updateresumeprofile" finished-at="2025-04-10T02:55:26 IST" duration-ms="3798" status="PASS">
          <reporter-output>
            <line>
              <![CDATA[Actual URL: https://www.naukri.com/mnjuser/homepage]]>
            </line>
            <line>
              <![CDATA[Login successful]]>
            </line>
            <line>
              <![CDATA[Clicked on profile]]>
            </line>
            <line>
              <![CDATA[Clicked on resume headline]]>
            </line>
            <line>
              <![CDATA[Clicked on edit resume headline]]>
            </line>
            <line>
              <![CDATA[Clicked on save resume headline]]>
            </line>
            <line>
              <![CDATA[Resume headline updated successfully]]>
            </line>
          </reporter-output>
        </test-method> <!-- updateresumeprofile -->
        <test-method is-config="true" signature="closeBrowser()[pri:0, instance:Naukari.Naukariprofileupdate.Resumeprofileupdate@4567f35d]" started-at="2025-04-10T02:55:26 IST" name="closeBrowser" finished-at="2025-04-10T02:55:26 IST" duration-ms="213" status="PASS">
          <reporter-output>
          </reporter-output>
        </test-method> <!-- closeBrowser -->
      </class> <!-- Naukari.Naukariprofileupdate.Resumeprofileupdate -->
    </test> <!-- Test -->
  </suite> <!-- Suite -->
</testng-results>
