<?xml version="1.0" encoding="UTF-8"?>
<testsuite xmlns:xsi="http://www.w3.org/2001/XMLSchema-instance" xsi:noNamespaceSchemaLocation="https://maven.apache.org/surefire/maven-surefire-plugin/xsd/surefire-test-report.xsd" version="3.0.1" name="TestSuite" time="19.165" tests="4" errors="0" skipped="0" failures="0">
  <properties>
[...]
</properties>
  <testcase name="login" classname="Naukari.Naukariprofileupdate.login" time="1.56">
    <system-out><![CDATA[11:20:37.318 [main]INFO  Naukari.Naukariprofileupdate.Baseclass - Browser name is: chrome
11:20:38.815 [main]INFO  Naukari.Naukariprofileupdate.Baseclass - Chrome Browser launched
11:20:38.880 [main]INFO  Naukari.Naukariprofileupdate.Baseclass - Browser maximized
11:20:41.322 [main]INFO  Naukari.Naukariprofileupdate.Baseclass - URL opened
11:20:41.335 [main]INFO  Naukari.Naukariprofileupdate.Baseclass - URL verified
11:20:41.373 [main]INFO  Naukari.Naukariprofileupdate.login - Login to naukari website
11:20:42.110 [main]INFO  Naukari.Naukariprofileupdate.login - verify url
11:20:42.903 [main]INFO  Naukari.Naukariprofileupdate.Loginpage - Actual URL: https://www.naukri.com/mnjuser/homepage
11:20:42.903 [main]INFO  Naukari.Naukariprofileupdate.Loginpage - Login successful
11:20:42.903 [main]INFO  Naukari.Naukariprofileupdate.Loginpage - Expected URL: https://www.naukri.com/mnjuser/homepage
]]></system-out>
    <system-err><![CDATA[SLF4J(W): No SLF4J providers were found.
SLF4J(W): Defaulting to no-operation (NOP) logger implementation
SLF4J(W): See https://www.slf4j.org/codes.html#noProviders for further details.
Apr 21, 2025 11:20:38 AM org.openqa.selenium.devtools.CdpVersionFinder findNearestMatch
WARNING: Unable to find an exact match for CDP version 135, returning the closest version; found: 133; Please update to a Selenium version that supports CDP version 135
]]></system-err>
  </testcase>
  <testcase name="Resumeheadlineupdate" classname="Naukari.Naukariprofileupdate.Resumeprofileupdate" time="5.244">
    <system-out><![CDATA[11:20:43.073 [main]INFO  Naukari.Naukariprofileupdate.Baseclass - Browser closed
11:20:43.077 [main]INFO  Naukari.Naukariprofileupdate.Baseclass - Browser name is: chrome
11:20:44.392 [main]INFO  Naukari.Naukariprofileupdate.Baseclass - Chrome Browser launched
11:20:44.435 [main]INFO  Naukari.Naukariprofileupdate.Baseclass - Browser maximized
11:20:46.885 [main]INFO  Naukari.Naukariprofileupdate.Baseclass - URL opened
11:20:46.922 [main]INFO  Naukari.Naukariprofileupdate.Baseclass - URL verified
11:20:46.931 [main]INFO  Naukari.Naukariprofileupdate.login - Login to naukari website
11:20:47.697 [main]INFO  Naukari.Naukariprofileupdate.login - verify url
11:20:48.683 [main]INFO  Naukari.Naukariprofileupdate.Loginpage - Actual URL: https://www.naukri.com/mnjuser/homepage
11:20:48.683 [main]INFO  Naukari.Naukariprofileupdate.Loginpage - Login successful
11:20:48.683 [main]INFO  Naukari.Naukariprofileupdate.Loginpage - Expected URL: https://www.naukri.com/mnjuser/homepage
11:20:50.180 [main]INFO  Naukari.Naukariprofileupdate.Resumeprofileupdate - Clicked on View Profile
11:20:50.878 [main]INFO  Naukari.Naukariprofileupdate.Resumeprofileupdate - Clicked on Resume headline
11:20:51.040 [main]INFO  Naukari.Naukariprofileupdate.Resumeprofileupdate - Clicked on Edit Resume headline
11:20:51.208 [main]INFO  Naukari.Naukariprofileupdate.Resumeprofileupdate - clicked on form to edit resume headline
11:20:51.588 [main]INFO  Naukari.Naukariprofileupdate.Resumeprofileupdate - Clicked on Save
11:20:51.588 [main]INFO  Naukari.Naukariprofileupdate.Resumeprofileupdate - Resume headline updated successfully
Success message: Resume Headline has been successfully saved.
11:20:52.168 [main]INFO  Naukari.Naukariprofileupdate.Profileupdatepage - Success message: Resume Headline has been successfully saved.
11:20:52.168 [main]INFO  Naukari.Naukariprofileupdate.Profileupdatepage - Success message is not displayed
]]></system-out>
    <system-err><![CDATA[Apr 21, 2025 11:20:43 AM org.openqa.selenium.remote.http.WebSocket$Listener onError
WARNING: Connection reset
java.net.SocketException: Connection reset
	at java.base/sun.nio.ch.SocketChannelImpl.throwConnectionReset(SocketChannelImpl.java:394)
	at java.base/sun.nio.ch.SocketChannelImpl.read(SocketChannelImpl.java:426)
	at java.net.http/jdk.internal.net.http.SocketTube.readAvailable(SocketTube.java:1170)
	at java.net.http/jdk.internal.net.http.SocketTube$InternalReadPublisher$InternalReadSubscription.read(SocketTube.java:833)
	at java.net.http/jdk.internal.net.http.SocketTube$SocketFlowTask.run(SocketTube.java:181)
	at java.net.http/jdk.internal.net.http.common.SequentialScheduler$SchedulableTask.run(SequentialScheduler.java:230)
	at java.net.http/jdk.internal.net.http.common.SequentialScheduler.runOrSchedule(SequentialScheduler.java:303)
	at java.net.http/jdk.internal.net.http.common.SequentialScheduler.runOrSchedule(SequentialScheduler.java:256)
	at java.net.http/jdk.internal.net.http.SocketTube$InternalReadPublisher$InternalReadSubscription.signalReadable(SocketTube.java:774)
	at java.net.http/jdk.internal.net.http.SocketTube$InternalReadPublisher$ReadEvent.signalEvent(SocketTube.java:957)
	at java.net.http/jdk.internal.net.http.SocketTube$SocketFlowEvent.handle(SocketTube.java:253)
	at java.net.http/jdk.internal.net.http.HttpClientImpl$SelectorManager.handleEvent(HttpClientImpl.java:982)
	at java.net.http/jdk.internal.net.http.HttpClientImpl$SelectorManager.lambda$run$3(HttpClientImpl.java:937)
	at java.base/java.util.ArrayList.forEach(ArrayList.java:1511)
	at java.net.http/jdk.internal.net.http.HttpClientImpl$SelectorManager.run(HttpClientImpl.java:937)

Apr 21, 2025 11:20:44 AM org.openqa.selenium.devtools.CdpVersionFinder findNearestMatch
WARNING: Unable to find an exact match for CDP version 135, returning the closest version; found: 133; Please update to a Selenium version that supports CDP version 135
]]></system-err>
  </testcase>
  <testcase name="updatekeyskills" classname="Naukari.Naukariprofileupdate.Resumeprofileupdate" time="2.87">
    <system-out><![CDATA[11:20:52.866 [main]INFO  Naukari.Naukariprofileupdate.Resumeprofileupdate - Clicked on Keyskillsoption
11:20:53.588 [main]INFO  Naukari.Naukariprofileupdate.Resumeprofileupdate - Clicked on Edit Keyskills
11:20:53.860 [main]INFO  Naukari.Naukariprofileupdate.Resumeprofileupdate - Clicked on form to edit keyskills
11:20:54.062 [main]INFO  Naukari.Naukariprofileupdate.Resumeprofileupdate - Clicked on Save Keyskills
11:20:54.062 [main]INFO  Naukari.Naukariprofileupdate.Resumeprofileupdate - Keyskills updated successfully
Success message: Key Skills have been successfully saved.
11:20:55.032 [main]INFO  Naukari.Naukariprofileupdate.Profileupdatepage - Success message: Key Skills have been successfully saved.
11:20:55.032 [main]INFO  Naukari.Naukariprofileupdate.Profileupdatepage - Success message is not displayed
]]></system-out>
  </testcase>
  <testcase name="UpdateITSkills" classname="Naukari.Naukariprofileupdate.Resumeprofileupdate" time="0.278">
    <system-out><![CDATA[11:20:55.316 [main]INFO  Naukari.Naukariprofileupdate.Resumeprofileupdate - Clicked on IT skills
]]></system-out>
  </testcase>
</testsuite>