<?xml version="1.0" encoding="UTF-8"?>
<testng-results ignored="0" total="4" passed="4" failed="0" skipped="0">
  <reporter-output>
    <line>
      <![CDATA[Success message: Key Skills have been successfully saved.]]>
    </line>
  </reporter-output>
  <suite started-at="2025-04-21T12:50:42 IST" name="Suite" finished-at="2025-04-21T12:51:50 IST" duration-ms="68268">
    <groups>
    </groups>
    <test started-at="2025-04-21T12:50:42 IST" name="Test" finished-at="2025-04-21T12:51:50 IST" duration-ms="68268">
      <class name="Naukari.Naukariprofileupdate.login">
        <test-method is-config="true" signature="launchBrowser()[pri:0, instance:Naukari.Naukariprofileupdate.login@44ebcd03]" started-at="2025-04-21T12:50:42 IST" name="launchBrowser" finished-at="2025-04-21T12:50:53 IST" duration-ms="11441" status="PASS">
          <reporter-output>
          </reporter-output>
        </test-method> <!-- launchBrowser -->
        <test-method signature="login()[pri:0, instance:Naukari.Naukariprofileupdate.login@44ebcd03]" started-at="2025-04-21T12:50:53 IST" name="login" finished-at="2025-04-21T12:50:59 IST" duration-ms="5404" status="PASS">
          <reporter-output>
          </reporter-output>
        </test-method> <!-- login -->
        <test-method is-config="true" signature="closeBrowser()[pri:0, instance:Naukari.Naukariprofileupdate.login@44ebcd03]" started-at="2025-04-21T12:50:59 IST" name="closeBrowser" finished-at="2025-04-21T12:50:59 IST" duration-ms="446" status="PASS">
          <reporter-output>
          </reporter-output>
        </test-method> <!-- closeBrowser -->
      </class> <!-- Naukari.Naukariprofileupdate.login -->
      <class name="Naukari.Naukariprofileupdate.Resumeprofileupdate">
        <test-method is-config="true" signature="launchBrowser()[pri:0, instance:Naukari.Naukariprofileupdate.Resumeprofileupdate@4f18837a]" started-at="2025-04-21T12:50:59 IST" name="launchBrowser" finished-at="2025-04-21T12:51:38 IST" duration-ms="39162" status="PASS">
          <reporter-output>
          </reporter-output>
        </test-method> <!-- launchBrowser -->
        <test-method signature="Resumeheadlineupdate()[pri:0, instance:Naukari.Naukariprofileupdate.Resumeprofileupdate@4f18837a]" started-at="2025-04-21T12:51:38 IST" name="Resumeheadlineupdate" finished-at="2025-04-21T12:51:46 IST" duration-ms="7718" status="PASS">
          <reporter-output>
          </reporter-output>
        </test-method> <!-- Resumeheadlineupdate -->
        <test-method signature="updatekeyskills()[pri:1, instance:Naukari.Naukariprofileupdate.Resumeprofileupdate@4f18837a]" started-at="2025-04-21T12:51:46 IST" name="updatekeyskills" finished-at="2025-04-21T12:51:50 IST" duration-ms="3319" status="PASS">
          <reporter-output>
            <line>
              <![CDATA[Success message: Key Skills have been successfully saved.]]>
            </line>
          </reporter-output>
        </test-method> <!-- updatekeyskills -->
        <test-method signature="UpdateITSkills()[pri:2, instance:Naukari.Naukariprofileupdate.Resumeprofileupdate@4f18837a]" started-at="2025-04-21T12:51:50 IST" name="UpdateITSkills" finished-at="2025-04-21T12:51:50 IST" duration-ms="448" status="PASS">
          <reporter-output>
          </reporter-output>
        </test-method> <!-- UpdateITSkills -->
        <test-method is-config="true" signature="closeBrowser()[pri:0, instance:Naukari.Naukariprofileupdate.Resumeprofileupdate@4f18837a]" started-at="2025-04-21T12:51:50 IST" name="closeBrowser" finished-at="2025-04-21T12:51:50 IST" duration-ms="263" status="PASS">
          <reporter-output>
          </reporter-output>
        </test-method> <!-- closeBrowser -->
      </class> <!-- Naukari.Naukariprofileupdate.Resumeprofileupdate -->
    </test> <!-- Test -->
  </suite> <!-- Suite -->
</testng-results>
