<?xml version="1.0" encoding="UTF-8"?>
<testng-results ignored="0" total="3" passed="3" failed="0" skipped="0">
  <reporter-output>
    <line>
      <![CDATA[Browser launched]]>
    </line>
    <line>
      <![CDATA[Browser maximized]]>
    </line>
    <line>
      <![CDATA[URL opened]]>
    </line>
    <line>
      <![CDATA[Actual URL: https://www.naukri.com/mnjuser/homepage]]>
    </line>
    <line>
      <![CDATA[Login successful]]>
    </line>
    <line>
      <![CDATA[Clicked on View Profile]]>
    </line>
    <line>
      <![CDATA[Clicked on Resume headline]]>
    </line>
    <line>
      <![CDATA[Clicked on Edit Resume headline]]>
    </line>
    <line>
      <![CDATA[Clicked on Save]]>
    </line>
    <line>
      <![CDATA[Resume headline updated successfully]]>
    </line>
    <line>
      <![CDATA[Clicked on Keyskills]]>
    </line>
    <line>
      <![CDATA[Clicked on Edit Keyskills]]>
    </line>
    <line>
      <![CDATA[Clicked on Save Keyskills]]>
    </line>
    <line>
      <![CDATA[Keyskills updated successfully]]>
    </line>
    <line>
      <![CDATA[Clicked on IT skills]]>
    </line>
  </reporter-output>
  <suite started-at="2025-04-10T20:08:57 IST" name="Default suite" finished-at="2025-04-10T20:09:07 IST" duration-ms="9975">
    <groups>
    </groups>
    <test started-at="2025-04-10T20:08:57 IST" name="Default test" finished-at="2025-04-10T20:09:07 IST" duration-ms="9975">
      <class name="Naukari.Naukariprofileupdate.Resumeprofileupdate">
        <test-method is-config="true" signature="launchBrowser()[pri:0, instance:Naukari.Naukariprofileupdate.Resumeprofileupdate@34e9fd99]" started-at="2025-04-10T20:08:57 IST" name="launchBrowser" finished-at="2025-04-10T20:09:01 IST" duration-ms="4050" status="PASS">
          <reporter-output>
            <line>
              <![CDATA[Browser launched]]>
            </line>
            <line>
              <![CDATA[Browser maximized]]>
            </line>
            <line>
              <![CDATA[URL opened]]>
            </line>
          </reporter-output>
        </test-method> <!-- launchBrowser -->
        <test-method signature="Resumeheadlineupdate()[pri:0, instance:Naukari.Naukariprofileupdate.Resumeprofileupdate@34e9fd99]" started-at="2025-04-10T20:09:01 IST" name="Resumeheadlineupdate" finished-at="2025-04-10T20:09:05 IST" duration-ms="3865" status="PASS">
          <reporter-output>
            <line>
              <![CDATA[Actual URL: https://www.naukri.com/mnjuser/homepage]]>
            </line>
            <line>
              <![CDATA[Login successful]]>
            </line>
            <line>
              <![CDATA[Clicked on View Profile]]>
            </line>
            <line>
              <![CDATA[Clicked on Resume headline]]>
            </line>
            <line>
              <![CDATA[Clicked on Edit Resume headline]]>
            </line>
            <line>
              <![CDATA[Clicked on Save]]>
            </line>
            <line>
              <![CDATA[Resume headline updated successfully]]>
            </line>
          </reporter-output>
        </test-method> <!-- Resumeheadlineupdate -->
        <test-method signature="updatekeyskills()[pri:1, instance:Naukari.Naukariprofileupdate.Resumeprofileupdate@34e9fd99]" started-at="2025-04-10T20:09:05 IST" name="updatekeyskills" finished-at="2025-04-10T20:09:06 IST" duration-ms="987" status="PASS">
          <reporter-output>
            <line>
              <![CDATA[Clicked on Keyskills]]>
            </line>
            <line>
              <![CDATA[Clicked on Edit Keyskills]]>
            </line>
            <line>
              <![CDATA[Clicked on Save Keyskills]]>
            </line>
            <line>
              <![CDATA[Keyskills updated successfully]]>
            </line>
          </reporter-output>
        </test-method> <!-- updatekeyskills -->
        <test-method signature="UpdateITSkills()[pri:2, instance:Naukari.Naukariprofileupdate.Resumeprofileupdate@34e9fd99]" started-at="2025-04-10T20:09:06 IST" name="UpdateITSkills" finished-at="2025-04-10T20:09:06 IST" duration-ms="812" status="PASS">
          <reporter-output>
            <line>
              <![CDATA[Clicked on IT skills]]>
            </line>
          </reporter-output>
        </test-method> <!-- UpdateITSkills -->
        <test-method is-config="true" signature="closeBrowser()[pri:0, instance:Naukari.Naukariprofileupdate.Resumeprofileupdate@34e9fd99]" started-at="2025-04-10T20:09:07 IST" name="closeBrowser" finished-at="2025-04-10T20:09:07 IST" duration-ms="181" status="PASS">
          <reporter-output>
          </reporter-output>
        </test-method> <!-- closeBrowser -->
      </class> <!-- Naukari.Naukariprofileupdate.Resumeprofileupdate -->
    </test> <!-- Default test -->
  </suite> <!-- Default suite -->
</testng-results>
