<?xml version="1.0" encoding="UTF-8"?>
<testng-results ignored="0" total="3" passed="3" failed="0" skipped="0">
  <reporter-output>
  </reporter-output>
  <suite started-at="2025-04-27T13:58:13 IST" name="Default suite" finished-at="2025-04-27T13:58:33 IST" duration-ms="19158">
    <groups>
    </groups>
    <test started-at="2025-04-27T13:58:13 IST" name="Default test" finished-at="2025-04-27T13:58:33 IST" duration-ms="19158">
      <class name="Naukari.Naukariprofileupdate.Resumeprofileupdate">
        <test-method is-config="true" signature="launchBrowser()[pri:0, instance:Naukari.Naukariprofileupdate.Resumeprofileupdate@6989da5e]" started-at="2025-04-27T13:58:14 IST" name="launchBrowser" finished-at="2025-04-27T13:58:23 IST" duration-ms="9505" status="PASS">
          <reporter-output>
          </reporter-output>
        </test-method> <!-- launchBrowser -->
        <test-method signature="Resumeheadlineupdate()[pri:0, instance:Naukari.Naukariprofileupdate.Resumeprofileupdate@6989da5e]" started-at="2025-04-27T13:58:23 IST" name="Resumeheadlineupdate" finished-at="2025-04-27T13:58:29 IST" duration-ms="5801" status="PASS">
          <reporter-output>
          </reporter-output>
        </test-method> <!-- Resumeheadlineupdate -->
        <test-method signature="updatekeyskills()[pri:1, instance:Naukari.Naukariprofileupdate.Resumeprofileupdate@6989da5e]" started-at="2025-04-27T13:58:29 IST" name="updatekeyskills" finished-at="2025-04-27T13:58:32 IST" duration-ms="3256" status="PASS">
          <reporter-output>
          </reporter-output>
        </test-method> <!-- updatekeyskills -->
        <test-method signature="UpdateITSkills()[pri:2, instance:Naukari.Naukariprofileupdate.Resumeprofileupdate@6989da5e]" started-at="2025-04-27T13:58:32 IST" name="UpdateITSkills" finished-at="2025-04-27T13:58:32 IST" duration-ms="299" status="PASS">
          <reporter-output>
          </reporter-output>
        </test-method> <!-- UpdateITSkills -->
        <test-method is-config="true" signature="closeBrowser()[pri:0, instance:Naukari.Naukariprofileupdate.Resumeprofileupdate@6989da5e]" started-at="2025-04-27T13:58:32 IST" name="closeBrowser" finished-at="2025-04-27T13:58:33 IST" duration-ms="193" status="PASS">
          <reporter-output>
          </reporter-output>
        </test-method> <!-- closeBrowser -->
      </class> <!-- Naukari.Naukariprofileupdate.Resumeprofileupdate -->
    </test> <!-- Default test -->
  </suite> <!-- Default suite -->
</testng-results>
